c:\users\yttak\onedrive\デスクトップ\hal\visualstudio\2年\dx21\dxinit\dxinit\x64\debug\vc143.pdb
c:\users\yttak\onedrive\デスクトップ\hal\visualstudio\2年\dx21\dxinit\dxinit\x64\debug\vc143.idb
c:\users\yttak\onedrive\デスクトップ\hal\visualstudio\2年\dx21\dxinit\dxinit\x64\debug\main.obj
c:\users\yttak\onedrive\デスクトップ\hal\visualstudio\2年\dx21\dxinit\dxinit\x64\debug\dx11init.obj
c:\users\yttak\onedrive\デスクトップ\hal\visualstudio\2年\dx21\dxinit\dxinit\x64\debug\wictextureloader.obj
c:\users\yttak\onedrive\デスクトップ\hal\visualstudio\2年\dx21\dxinit\dxinit\pixelshader.h
c:\users\yttak\onedrive\デスクトップ\hal\visualstudio\2年\dx21\dxinit\x64\debug\pixelshader.cso
c:\users\yttak\onedrive\デスクトップ\hal\visualstudio\2年\dx21\dxinit\dxinit\vertexshader.h
c:\users\yttak\onedrive\デスクトップ\hal\visualstudio\2年\dx21\dxinit\x64\debug\vertexshader.cso
c:\users\yttak\onedrive\デスクトップ\hal\visualstudio\2年\dx21\dxinit\x64\debug\dxinit.exe
c:\users\yttak\onedrive\デスクトップ\hal\visualstudio\2年\dx21\dxinit\dxinit\x64\debug\dxinit.ilk
c:\users\yttak\onedrive\デスクトップ\hal\visualstudio\2年\dx21\dxinit\x64\debug\dxinit.pdb
c:\users\yttak\onedrive\デスクトップ\hal\visualstudio\2年\dx21\dxinit\dxinit\x64\debug\dxinit.tlog\cl.command.1.tlog
c:\users\yttak\onedrive\デスクトップ\hal\visualstudio\2年\dx21\dxinit\dxinit\x64\debug\dxinit.tlog\cl.read.1.tlog
c:\users\yttak\onedrive\デスクトップ\hal\visualstudio\2年\dx21\dxinit\dxinit\x64\debug\dxinit.tlog\cl.write.1.tlog
c:\users\yttak\onedrive\デスクトップ\hal\visualstudio\2年\dx21\dxinit\dxinit\x64\debug\dxinit.tlog\fxc.command.1.tlog
c:\users\yttak\onedrive\デスクトップ\hal\visualstudio\2年\dx21\dxinit\dxinit\x64\debug\dxinit.tlog\fxc.read.1.tlog
c:\users\yttak\onedrive\デスクトップ\hal\visualstudio\2年\dx21\dxinit\dxinit\x64\debug\dxinit.tlog\fxc.write.1.tlog
c:\users\yttak\onedrive\デスクトップ\hal\visualstudio\2年\dx21\dxinit\dxinit\x64\debug\dxinit.tlog\link.command.1.tlog
c:\users\yttak\onedrive\デスクトップ\hal\visualstudio\2年\dx21\dxinit\dxinit\x64\debug\dxinit.tlog\link.read.1.tlog
c:\users\yttak\onedrive\デスクトップ\hal\visualstudio\2年\dx21\dxinit\dxinit\x64\debug\dxinit.tlog\link.write.1.tlog
